<?xml version="1.0" encoding="UTF-8"?>
<testsuite xmlns:xsi="http://www.w3.org/2001/XMLSchema-instance" xsi:noNamespaceSchemaLocation="https://maven.apache.org/surefire/maven-surefire-plugin/xsd/surefire-test-report.xsd" version="3.0.2" name="com.example.bookstore.BookstoreApplicationTests" time="15.211" tests="1" errors="0" skipped="0" failures="0">
  <properties>
[...]
</properties>
  <testcase name="contextLoads" classname="com.example.bookstore.BookstoreApplicationTests" time="1.178">
    <system-out><![CDATA[15:30:11.081 [main] INFO org.springframework.test.context.support.AnnotationConfigContextLoaderUtils -- Could not detect default configuration classes for test class [com.example.bookstore.BookstoreApplicationTests]: BookstoreApplicationTests does not declare any static, non-private, non-final, nested classes annotated with @Configuration.
15:30:11.352 [main] INFO org.springframework.boot.test.context.SpringBootTestContextBootstrapper -- Found @SpringBootConfiguration com.example.bookstore.BookstoreApplication for test class com.example.bookstore.BookstoreApplicationTests

  .   ____          _            __ _ _
 /\\ / ___'_ __ _ _(_)_ __  __ _ \ \ \ \
( ( )\___ | '_ | '_| | '_ \/ _` | \ \ \ \
 \\/  ___)| |_)| | | | | || (_| |  ) ) ) )
  '  |____| .__|_| |_|_| |_\__, | / / / /
 =========|_|==============|___/=/_/_/_/

 :: Spring Boot ::                (v3.4.8)

2025-08-22T15:30:12.473+03:00  INFO 10684 --- [           main] c.e.bookstore.BookstoreApplicationTests  : Starting BookstoreApplicationTests using Java 19.0.1 with PID 10684 (started by ThinkPad in C:\Users\ThinkPad\bookstore\bookstore-app)
2025-08-22T15:30:12.476+03:00  INFO 10684 --- [           main] c.e.bookstore.BookstoreApplicationTests  : No active profile set, falling back to 1 default profile: "default"
2025-08-22T15:30:14.306+03:00  INFO 10684 --- [           main] .s.d.r.c.RepositoryConfigurationDelegate : Bootstrapping Spring Data JPA repositories in DEFAULT mode.
2025-08-22T15:30:14.541+03:00  INFO 10684 --- [           main] .s.d.r.c.RepositoryConfigurationDelegate : Finished Spring Data repository scanning in 204 ms. Found 8 JPA repository interfaces.
2025-08-22T15:30:15.468+03:00  INFO 10684 --- [           main] o.hibernate.jpa.internal.util.LogHelper  : HHH000204: Processing PersistenceUnitInfo [name: default]
2025-08-22T15:30:15.666+03:00  INFO 10684 --- [           main] org.hibernate.Version                    : HHH000412: Hibernate ORM core version 6.6.22.Final
2025-08-22T15:30:15.817+03:00  INFO 10684 --- [           main] o.h.c.internal.RegionFactoryInitiator    : HHH000026: Second-level cache disabled
2025-08-22T15:30:16.554+03:00  INFO 10684 --- [           main] o.s.o.j.p.SpringPersistenceUnitInfo      : No LoadTimeWeaver setup: ignoring JPA class transformer
2025-08-22T15:30:16.648+03:00  INFO 10684 --- [           main] com.zaxxer.hikari.HikariDataSource       : HikariPool-1 - Starting...
2025-08-22T15:30:17.153+03:00  INFO 10684 --- [           main] com.zaxxer.hikari.pool.HikariPool        : HikariPool-1 - Added connection conn0: url=jdbc:h2:mem:testdb user=SA
2025-08-22T15:30:17.157+03:00  INFO 10684 --- [           main] com.zaxxer.hikari.HikariDataSource       : HikariPool-1 - Start completed.
2025-08-22T15:30:17.222+03:00  WARN 10684 --- [           main] org.hibernate.orm.deprecation            : HHH90000025: H2Dialect does not need to be specified explicitly using 'hibernate.dialect' (remove the property setting and it will be selected by default)
2025-08-22T15:30:17.273+03:00  INFO 10684 --- [           main] org.hibernate.orm.connections.pooling    : HHH10001005: Database info:
	Database JDBC URL [Connecting through datasource 'HikariDataSource (HikariPool-1)']
	Database driver: undefined/unknown
	Database version: 2.3.232
	Autocommit mode: undefined/unknown
	Isolation level: undefined/unknown
	Minimum pool size: undefined/unknown
	Maximum pool size: undefined/unknown
2025-08-22T15:30:20.222+03:00  INFO 10684 --- [           main] o.h.e.t.j.p.i.JtaPlatformInitiator       : HHH000489: No JTA platform available (set 'hibernate.transaction.jta.platform' to enable JTA platform integration)
Hibernate: drop table if exists books cascade 
Hibernate: drop table if exists cart_items cascade 
Hibernate: drop table if exists categories cascade 
Hibernate: drop table if exists order_items cascade 
Hibernate: drop table if exists orders cascade 
Hibernate: drop table if exists roles cascade 
Hibernate: drop table if exists shopping_cart cascade 
Hibernate: drop table if exists users cascade 
Hibernate: drop table if exists users_roles cascade 
Hibernate: create table books (price numeric(38,2) not null, id bigint generated by default as identity, author varchar(255) not null, cover_image varchar(255), description varchar(255), isbn varchar(255) not null unique, title varchar(255) not null, primary key (id))
Hibernate: create table cart_items (quantity integer not null, book_id bigint, cart_id bigint, id bigint generated by default as identity, primary key (id))
Hibernate: create table categories (id bigint generated by default as identity, name varchar(255) not null, primary key (id))
Hibernate: create table order_items (quantity integer not null, book_id bigint, id bigint generated by default as identity, order_id bigint, primary key (id))
Hibernate: create table orders (id bigint generated by default as identity, user_id bigint, status varchar(255), primary key (id))
Hibernate: create table roles (id bigint generated by default as identity, name varchar(255) not null unique, primary key (id))
Hibernate: create table shopping_cart (id bigint generated by default as identity, user_id bigint unique, primary key (id))
Hibernate: create table users (id bigint generated by default as identity, email varchar(255) not null unique, name varchar(255) not null, password varchar(255) not null, primary key (id))
Hibernate: create table users_roles (role_id bigint not null, user_id bigint not null, primary key (role_id, user_id))
Hibernate: alter table if exists cart_items add constraint FKhiu1jw80o45wfiw5tgok1xpkl foreign key (book_id) references books
Hibernate: alter table if exists cart_items add constraint FKkwkexjephx1g1xu4e6x99qq5m foreign key (cart_id) references shopping_cart
Hibernate: alter table if exists order_items add constraint FKi4ptndslo2pyfp9r1x0eulh9g foreign key (book_id) references books
Hibernate: alter table if exists order_items add constraint FKbioxgbv59vetrxe0ejfubep1w foreign key (order_id) references orders
Hibernate: alter table if exists orders add constraint FK32ql8ubntj5uh44ph9659tiih foreign key (user_id) references users
Hibernate: alter table if exists shopping_cart add constraint FKr1irjigmqcpfrvggavnr7vjyv foreign key (user_id) references users
Hibernate: alter table if exists users_roles add constraint FKj6m8fwv7oqv74fcehir1a9ffy foreign key (role_id) references roles
Hibernate: alter table if exists users_roles add constraint FK2o0jvgh89lemvvo17cbqvdxaa foreign key (user_id) references users
2025-08-22T15:30:20.479+03:00  INFO 10684 --- [           main] j.LocalContainerEntityManagerFactoryBean : Initialized JPA EntityManagerFactory for persistence unit 'default'
2025-08-22T15:30:22.673+03:00  WARN 10684 --- [           main] JpaBaseConfiguration$JpaWebConfiguration : spring.jpa.open-in-view is enabled by default. Therefore, database queries may be performed during view rendering. Explicitly configure spring.jpa.open-in-view to disable this warning
2025-08-22T15:30:24.055+03:00  INFO 10684 --- [           main] c.e.bookstore.BookstoreApplicationTests  : Started BookstoreApplicationTests in 12.285 seconds (process running for 14.512)
Hibernate: insert into books (author,cover_image,description,isbn,price,title,id) values (?,?,?,?,?,?,default)
Hibernate: select b1_0.id,b1_0.author,b1_0.cover_image,b1_0.description,b1_0.isbn,b1_0.price,b1_0.title from books b1_0
The Lord of the Rings
]]></system-out>
  </testcase>
</testsuite>